This is pdfTeX, Version 3.141592-1.40.4 (MiKTeX 2.6) (preloaded format=pdflatex 2008.7.30)  30 JAN 2009 15:41
entering extended mode
**C:/workspace_nepomuk/pimo/latex/pimo.tex
(C:\workspace_nepomuk\pimo\latex\pimo.tex
LaTeX2e <2005/12/01>
Babel <v3.8h> and hyphenation patterns for english, dumylang, nohyphenation, german, ngerman, french, loaded.
(nepomuk.cls
Document Class: nepomuk 2004/03/24 2004 CleanBook LaTeX class
(C:\MiKTeX2.6\tex\latex\base\article.cls
Document Class: article 2005/09/16 v1.4f Standard LaTeX document class
(C:\MiKTeX2.6\tex\latex\base\size10.clo
File: size10.clo 2005/09/16 v1.4f Standard LaTeX file (size option)
)
\c@part=\count79
\c@section=\count80
\c@subsection=\count81
\c@subsubsection=\count82
\c@paragraph=\count83
\c@subparagraph=\count84
\c@figure=\count85
\c@table=\count86
\abovecaptionskip=\skip41
\belowcaptionskip=\skip42
\bibindent=\dimen102
) (C:\MiKTeX2.6\tex\latex\graphics\color.sty
Package: color 2005/11/14 v1.0j Standard LaTeX Color (DPC)

(C:\MiKTeX2.6\tex\latex\00miktex\color.cfg
File: color.cfg 2007/01/18 v1.5 color configuration of teTeX/TeXLive
)
Package color Info: Driver file: pdftex.def on input line 130.
 (C:\MiKTeX2.6\tex\latex\graphics\pdftex.def
File: pdftex.def 2007/06/12 v0.04h Graphics/color for pdfTeX
\Gread@gobject=\count87
))
(C:\MiKTeX2.6\tex\latex\colortbl\colortbl.sty
Package: colortbl 2001/02/13 v0.1j Color table columns (DPC)
 (C:\MiKTeX2.6\tex\latex\tools\array.sty
Package: array 2005/08/23 v2.4b Tabular extension package (FMi)
\col@sep=\dimen103
\extrarowheight=\dimen104
\NC@list=\toks14
\extratabsurround=\skip43
\backup@length=\skip44
)
\everycr=\toks15
\minrowclearance=\skip45
)
(C:\MiKTeX2.6\tex\latex\psnfss\helvet.sty
Package: helvet 2005/04/12 PSNFSS-v9.2a (WaS) 
 (C:\MiKTeX2.6\tex\latex\graphics\keyval.sty
Package: keyval 1999/03/16 v1.13 key=value parser (DPC)
\KV@toks@=\toks16
))
(C:\MiKTeX2.6\tex\latex\koma-script\scrpage2.sty
Package: scrpage2 2007/07/23 v2.2e LaTeX2e KOMA-Script package
) (C:\MiKTeX2.6\tex\latex\graphics\graphicx.sty
Package: graphicx 1999/02/16 v1.0f Enhanced LaTeX Graphics (DPC,SPQR)

(C:\MiKTeX2.6\tex\latex\graphics\graphics.sty
Package: graphics 2006/02/20 v1.0o Standard LaTeX Graphics (DPC,SPQR)
 (C:\MiKTeX2.6\tex\latex\graphics\trig.sty
Package: trig 1999/03/16 v1.09 sin cos tan (DPC)
)
(C:\MiKTeX2.6\tex\latex\00miktex\graphics.cfg
File: graphics.cfg 2007/01/18 v1.5 graphics configuration of teTeX/TeXLive
)
Package graphics Info: Driver file: pdftex.def on input line 90.
)
\Gin@req@height=\dimen105
\Gin@req@width=\dimen106
) (C:\MiKTeX2.6\tex\latex\koma-script\typearea.sty
Package: typearea 2007/10/12 v2.97d KOMA-Script package (type area)

Package typearea, 2007/10/12 v2.97d KOMA-Script package (type area)
                  Copyright (C) Frank Neukam, 1992-1994
                  Copyright (C) Markus Kohm, 1994-

(C:\MiKTeX2.6\tex\latex\koma-script\scrkbase.sty
Package: scrkbase 2007/10/12 v2.97d KOMA-Script package (basics and keyval use)
 (C:\MiKTeX2.6\tex\latex\koma-script\scrlfile.sty
Package: scrlfile 2007/03/07 v2.97a KOMA-Script package (loading files)

Package scrlfile, 2007/03/07 v2.97a KOMA-Script package (loading files)
                  Copyright (C) Markus Kohm

))
\ta@bcor=\skip46
\ta@div=\count88
\ta@hblk=\skip47
\ta@vblk=\skip48
\ta@temp=\skip49
LaTeX Font Info:    Try loading font information for OT1+phv on input line 890.
 (C:\MiKTeX2.6\tex\latex\psnfss\ot1phv.fd
File: ot1phv.fd 2001/06/04 scalable font definitions for OT1/phv.
)
Package typearea Info: These are the values describing the layout:
(typearea)             DIV  = 8
(typearea)             BCOR = 0.0pt
(typearea)             \paperwidth      = 597.50793pt
(typearea)              \textwidth      = 373.44246pt
(typearea)              DIV-departure   = -4/100
(typearea)              \evensidemargin = 39.76274pt
(typearea)              \oddsidemargin  = 39.76274pt
(typearea)             \paperheight     = 845.04694pt
(typearea)              \textheight     = 538.0pt
(typearea)              \topmargin      = 0.36087pt
(typearea)              \headheight     = 15.0pt
(typearea)              \headsep        = 18.0pt
(typearea)              \topskip        = 10.0pt
(typearea)              \footskip       = 42.0pt
(typearea)              \baselineskip   = 12.0pt
(typearea)              on input line 890.
) (C:\MiKTeX2.6\tex\latex\base\fontenc.sty
Package: fontenc 2005/09/27 v1.99g Standard LaTeX package

(C:\MiKTeX2.6\tex\latex\base\t1enc.def
File: t1enc.def 2005/09/27 v1.99g Standard LaTeX file
LaTeX Font Info:    Redeclaring font encoding T1 on input line 43.
))) (C:\MiKTeX2.6\tex\latex\hyperref\hyperref.sty
Package: hyperref 2007/10/30 v6.77b Hypertext links for LaTeX

(C:\MiKTeX2.6\tex\latex\oberdiek\hycolor.sty
Package: hycolor 2007/04/11 v1.1 Code for color options of hyperref/bookmark (HO)
)
\@linkdim=\dimen107
\Hy@linkcounter=\count89
\Hy@pagecounter=\count90
 (C:\MiKTeX2.6\tex\latex\hyperref\pd1enc.def
File: pd1enc.def 2007/10/30 v6.77b Hyperref: PDFDocEncoding definition (HO)
)
(C:\MiKTeX2.6\tex\generic\oberdiek\etexcmds.sty
Package: etexcmds 2007/09/09 v1.1 Prefix for e-TeX command names (HO)
 (C:\MiKTeX2.6\tex\generic\oberdiek\infwarerr.sty
Package: infwarerr 2007/09/09 v1.2 Providing info/warning/message (HO)
))
(C:\MiKTeX2.6\tex\latex\00miktex\hyperref.cfg
File: hyperref.cfg 2002/06/06 v1.2 hyperref configuration of TeXLive
) (C:\MiKTeX2.6\tex\latex\oberdiek\kvoptions.sty
Package: kvoptions 2007/10/18 v3.0 Keyval support for LaTeX options (HO)
)
Package hyperref Info: Hyper figures OFF on input line 2675.
Package hyperref Info: Link nesting OFF on input line 2680.
Package hyperref Info: Hyper index ON on input line 2683.
Package hyperref Info: Plain pages OFF on input line 2690.
Package hyperref Info: Backreferencing OFF on input line 2695.

Implicit mode ON; LaTeX internals redefined
Package hyperref Info: Bookmarks ON on input line 2851.
(C:\MiKTeX2.6\tex\latex\ltxmisc\url.sty
\Urlmuskip=\muskip10
Package: url 2005/06/27  ver 3.2  Verb mode for urls, etc.
)
LaTeX Info: Redefining \url on input line 3021.
 (C:\MiKTeX2.6\tex\generic\oberdiek\bitset.sty
Package: bitset 2007/09/28 v1.0 Data type bit set (HO)

(C:\MiKTeX2.6\tex\generic\oberdiek\intcalc.sty
Package: intcalc 2007/09/27 v1.1 Expandable integer calculations (HO)
) (C:\MiKTeX2.6\tex\generic\oberdiek\bigintcalc.sty
Package: bigintcalc 2007/09/27 v1.0 Expandable big integer calculations (HO)
))
(C:\MiKTeX2.6\tex\generic\oberdiek\kvsetkeys.sty
Package: kvsetkeys 2007/09/29 v1.3 Key value parser with default handler support (HO)
)
\Fld@menulength=\count91
\Field@Width=\dimen108
\Fld@charsize=\dimen109
\Field@toks=\toks17
Package hyperref Info: Hyper figures OFF on input line 3894.
Package hyperref Info: Link nesting OFF on input line 3899.
Package hyperref Info: Hyper index ON on input line 3902.
Package hyperref Info: backreferencing OFF on input line 3909.
Package hyperref Info: Link coloring OFF on input line 3914.
 (C:\MiKTeX2.6\tex\generic\oberdiek\atbegshi.sty
Package: atbegshi 2007/09/09 v1.6 At begin shipout hook (HO)

(C:\MiKTeX2.6\tex\generic\oberdiek\ifpdf.sty
Package: ifpdf 2007/09/09 v1.5 Provides the ifpdf switch (HO)
Package ifpdf Info: pdfTeX in pdf mode detected.
))
\Hy@abspage=\count92
\c@Item=\count93
\c@Hfootnote=\count94
)
*hyperref using default driver hpdftex*
(C:\MiKTeX2.6\tex\latex\hyperref\hpdftex.def
File: hpdftex.def 2007/10/30 v6.77b Hyperref driver for pdfTeX
\Fld@listcount=\count95
) (C:\MiKTeX2.6\tex\latex\tools\verbatim.sty
Package: verbatim 2003/08/22 v1.5q LaTeX2e package for verbatim enhancements
\every@verbatim=\toks18
\verbatim@line=\toks19
\verbatim@in@stream=\read1
)
(C:\MiKTeX2.6\tex\latex\tools\longtable.sty
Package: longtable 2004/02/01 v4.11 Multi-page Table package (DPC)
\LTleft=\skip50
\LTright=\skip51
\LTpre=\skip52
\LTpost=\skip53
\LTchunksize=\count96
\LTcapwidth=\dimen110
\LT@head=\box26
\LT@firsthead=\box27
\LT@foot=\box28
\LT@lastfoot=\box29
\LT@cols=\count97
\LT@rows=\count98
\c@LT@tables=\count99
\c@LT@chunks=\count100
\LT@p@ftn=\toks20
) (C:\MiKTeX2.6\tex\latex\tools\xspace.sty
Package: xspace 2006/05/08 v1.12 Space after command names (DPC,MH)
)
(C:\MiKTeX2.6\tex\latex\microtype\microtype.sty
Package: microtype 2008/06/04 v2.3b Micro-typography with pdfTeX (RS)
\MT@toks=\toks21
\MT@count=\count101
LaTeX Info: Redefining \lsstyle on input line 1553.
LaTeX Info: Redefining \lslig on input line 1553.
\MT@outer@space=\skip54
LaTeX Info: Redefining \textls on input line 1554.
\MT@outer@kern=\dimen111
LaTeX Info: Redefining \textmicrotypecontext on input line 2094.
Package microtype Info: Loading configuration file microtype.cfg.
 (C:\MiKTeX2.6\tex\latex\microtype\microtype.cfg
File: microtype.cfg 2008/06/04 v2.3b microtype main configuration file (RS)
)) (pimo.aux)
LaTeX Font Info:    Checking defaults for OML/cmm/m/it on input line 47.
LaTeX Font Info:    ... okay on input line 47.
LaTeX Font Info:    Checking defaults for T1/cmr/m/n on input line 47.
LaTeX Font Info:    ... okay on input line 47.
LaTeX Font Info:    Checking defaults for OT1/cmr/m/n on input line 47.
LaTeX Font Info:    ... okay on input line 47.
LaTeX Font Info:    Checking defaults for OMS/cmsy/m/n on input line 47.
LaTeX Font Info:    ... okay on input line 47.
LaTeX Font Info:    Checking defaults for OMX/cmex/m/n on input line 47.
LaTeX Font Info:    ... okay on input line 47.
LaTeX Font Info:    Checking defaults for U/cmr/m/n on input line 47.
LaTeX Font Info:    ... okay on input line 47.
LaTeX Font Info:    Checking defaults for PD1/pdf/m/n on input line 47.
LaTeX Font Info:    ... okay on input line 47.
LaTeX Font Info:    Try loading font information for T1+phv on input line 47.

(C:\MiKTeX2.6\tex\latex\psnfss\t1phv.fd
File: t1phv.fd 2001/06/04 scalable font definitions for T1/phv.
) (C:\MiKTeX2.6\tex\context\base\supp-pdf.tex
[Loading MPS to PDF converter (version 2006.09.02).]
\scratchcounter=\count102
\scratchdimen=\dimen112
\scratchbox=\box30
\nofMPsegments=\count103
\nofMParguments=\count104
\MPscratchCnt=\count105
\MPscratchDim=\dimen113
\MPnumerator=\count106
\everyMPtoPDFconversion=\toks22
)
Package hyperref Info: Link coloring OFF on input line 47.
 (C:\MiKTeX2.6\tex\latex\hyperref\nameref.sty
Package: nameref 2007/05/29 v2.31 Cross-referencing by name of section
 (C:\MiKTeX2.6\tex\latex\oberdiek\refcount.sty
Package: refcount 2006/02/20 v3.0 Data extraction from references (HO)
)
\c@section@level=\count107
)
LaTeX Info: Redefining \ref on input line 47.
LaTeX Info: Redefining \pageref on input line 47.
 (pimo.out) (pimo.out)
\@outlinefile=\write3
\AtBeginShipoutBox=\box31
LaTeX Info: Redefining \microtypecontext on input line 47.
Package microtype Info: Generating PDF output.
Package microtype Info: Character protrusion enabled (level 2).
Package microtype Info: Using default protrusion set `alltext'.
Package microtype Info: Automatic font expansion enabled (level 2),
(microtype)             stretch: 20, shrink: 20, step: 4, non-selected.
Package microtype Info: Using default expansion set `basictext'.
Package microtype Info: No tracking.
Package microtype Info: No adjustment of interword spacing.
Package microtype Info: No adjustment of character kerning.

(C:\MiKTeX2.6\tex\latex\microtype\mt-cmr.cfg
File: mt-cmr.cfg 2008/02/29 v1.9a microtype config. file: Computer Modern Roman (RS)
)
LaTeX Font Info:    External font `cmex10' loaded for size
(Font)              <12> on input line 90.
LaTeX Font Info:    External font `cmex10' loaded for size
(Font)              <8> on input line 90.
LaTeX Font Info:    External font `cmex10' loaded for size
(Font)              <6> on input line 90.

Overfull \hbox (6.7248pt too wide) in paragraph at lines 90--92
[][][]
 []

LaTeX Font Info:    External font `cmex10' loaded for size
(Font)              <7> on input line 92.
LaTeX Font Info:    External font `cmex10' loaded for size
(Font)              <5> on input line 92.
<images/InformationSocietyTechnologies.pdf, id=255, 383.4325pt x 199.74625pt>
File: images/InformationSocietyTechnologies.pdf Graphic file (type pdf)

<use images/InformationSocietyTechnologies.pdf> <images/Nepomuk.pdf, id=257, 433.62pt x 210.7875pt>
File: images/Nepomuk.pdf Graphic file (type pdf)

<use images/Nepomuk.pdf>
LaTeX Font Info:    Font shape `T1/phv/bx/n' in size <24.88> not available
(Font)              Font shape `T1/phv/b/n' tried instead on input line 111.

Overfull \hbox (343.55304pt too wide) in paragraph at lines 111--113
[][][][] [][][] 
 []

<images/Bubbles.pdf, id=258, 448.67625pt x 558.085pt>
File: images/Bubbles.pdf Graphic file (type pdf)
 <use images/Bubbles.pdf> [1

{psfonts.map} <images/InformationSocietyTechnologies.pdf> <images/Nepomuk.pdf> <images/Bubbles.pdf>]
LaTeX Font Info:    Font shape `T1/phv/bx/n' in size <14.4> not available
(Font)              Font shape `T1/phv/b/n' tried instead on input line 163.

Underfull \hbox (badness 10000) in paragraph at lines 165--168

 []


Underfull \hbox (badness 10000) in paragraph at lines 174--180

 []

[2

]
LaTeX Font Info:    Font shape `T1/phv/bx/n' in size <10> not available
(Font)              Font shape `T1/phv/b/n' tried instead on input line 230.

Underfull \hbox (badness 10000) in paragraph at lines 230--243

 []


Underfull \hbox (badness 10000) in paragraph at lines 230--243

 []


Underfull \hbox (badness 10000) in paragraph at lines 230--243

 []

[3

] (pimo.toc [4]
LaTeX Font Info:    Try loading font information for T1+cmtt on input line 68.
 (C:\MiKTeX2.6\tex\latex\base\t1cmtt.fd
File: t1cmtt.fd 1999/05/25 v2.5h Standard LaTeX font definitions
))
\tf@toc=\write4
 [5]
LaTeX Font Info:    Font shape `T1/phv/m/it' in size <10> not available
(Font)              Font shape `T1/phv/m/sl' tried instead on input line 288.
 [1


] [2]
LaTeX Font Info:    Try loading font information for OMS+phv on input line 360.
 (C:\MiKTeX2.6\tex\latex\psnfss\omsphv.fd
File: omsphv.fd 
)
LaTeX Font Info:    Font shape `OMS/phv/m/n' in size <10> not available
(Font)              Font shape `OMS/cmsy/m/n' tried instead on input line 360.
LaTeX Font Info:    External font `cmex10' loaded for size
(Font)              <9> on input line 361.

Overfull \hbox (1.48184pt too wide) in paragraph at lines 360--362
[]$\T1/cmtt/m/n/9 http : / / www . semanticdesktop . org / ontologies / 2007 / 11 / 01 / pimo / pimo _ data .
 []


Overfull \hbox (20.37723pt too wide) in paragraph at lines 362--364
[]$\T1/cmtt/m/n/9 http : / / www . semanticdesktop . org / ontologies / 2007 / 11 / 01 / pimo / pimo _ metadata .
 []

<images/roadmap.png, id=411, 439.6425pt x 365.86688pt>
File: images/roadmap.png Graphic file (type png)
 <use images/roadmap.png> [3 <images/roadmap.png (PNG copy)>]
[4]
Overfull \hbox (4.5887pt too wide) in paragraph at lines 444--444
[]\T1/cmtt/m/n/9 @prefix nrl:  <http://www.semanticdesktop.org/ontologies/2007/08/15/nrl#>.[] 
 []


Overfull \hbox (4.5887pt too wide) in paragraph at lines 445--445
[]\T1/cmtt/m/n/9 @prefix nao:  <http://www.semanticdesktop.org/ontologies/2007/08/15/nao#>.[] 
 []


Overfull \hbox (9.31255pt too wide) in paragraph at lines 446--446
[]\T1/cmtt/m/n/9 @prefix pimo: <http://www.semanticdesktop.org/ontologies/2007/11/01/pimo#>.[] 
 []


Overfull \hbox (9.31255pt too wide) in paragraph at lines 447--447
[]\T1/cmtt/m/n/9 @prefix ncal: <http://ont.semanticdesktop.org/ontologies/2007/04/02/ncal#>.[] 
 []


Overfull \hbox (4.5887pt too wide) in paragraph at lines 448--448
[]\T1/cmtt/m/n/9 @prefix nco:  <http://ont.semanticdesktop.org/ontologies/2007/03/22/nco#>.[] 
 []


Overfull \hbox (4.5887pt too wide) in paragraph at lines 449--449
[]\T1/cmtt/m/n/9 @prefix nfo:  <http://ont.semanticdesktop.org/ontologies/2007/03/22/nfo#>.[] 
 []


Overfull \hbox (4.5887pt too wide) in paragraph at lines 450--450
[]\T1/cmtt/m/n/9 @prefix nie:  <http://www.semanticdesktop.org/ontologies/2007/01/19/nie#>.[] 
 []


Overfull \hbox (4.5887pt too wide) in paragraph at lines 451--451
[]\T1/cmtt/m/n/9 @prefix nmo:  <http://www.semanticdesktop.org/ontologies/2007/03/22/nmo#>.[] 
 []

[5] <images/thing_vs_resource.pdf, id=439, 610.28pt x 233.87375pt>
File: images/thing_vs_resource.pdf Graphic file (type pdf)
 <use images/thing_vs_resource.pdf>
LaTeX Font Info:    Font shape `T1/phv/m/it' in size <8> not available
(Font)              Font shape `T1/phv/m/sl' tried instead on input line 542.
 [6 <images/thing_vs_resource.pdf>]
Underfull \hbox (badness 10000) in paragraph at lines 550--550
[][][][]$\T1/cmtt/m/n/8 http : / / www . w3 . org / 2007 / OWL / wiki / Syntax # Declarations _ and _ Structural _
 []

<images/identification.pdf, id=503, 817.0525pt x 290.08376pt>
File: images/identification.pdf Graphic file (type pdf)
 <use images/identification.pdf> [7] [8 <images/identification.pdf>]
Overfull \hbox (32.94919pt too wide) in paragraph at lines 673--676
[]\T1/phv/m/n/10 (-20) Besides iden-ti-fi-ca-tion, both the \T1/cmtt/m/n/10 pimo:groundingOccurrence \T1/phv/m/n/10 (-20
) and the \T1/cmtt/m/n/10 pimo:occurrence
 []


Overfull \hbox (0.10104pt too wide) in paragraph at lines 690--690
[] \T1/cmtt/m/n/9 pimo:referencingOccurrence <http://www.example.com/people/DirkHagemann>.[] 
 []

[9]
Overfull \hbox (13.90517pt too wide) in paragraph at lines 722--722
[]  \T1/cmtt/m/n/10 pimo:hasOtherRepresentation <http://dbpedia.org/resource/Belfast>;[] 
 []

[10]
Overfull \hbox (1.99057pt too wide) in paragraph at lines 760--760
[] \T1/cmtt/m/n/9 pimo:referencingOccurrence <http://www.example.com/people/DirkHagemann>;[] 
 []

LaTeX Font Info:    Font shape `T1/cmtt/bx/n' in size <10> not available
(Font)              Font shape `T1/cmtt/m/n' tried instead on input line 801.
[11] [12]
Underfull \hbox (badness 2837) in paragraph at lines 889--889
[][][]\T1/phv/m/n/8 (+20) The XS name-space is \T1/cmtt/m/n/8 http://www.w3.org/2001/XMLSchema\T1/phv/m/n/8 (+20) , but 
the two du-ra-tion
 []


Overfull \hbox (49.20067pt too wide) in paragraph at lines 894--896
\T1/phv/m/n/10 (-20) Implementers are free to use ei-ther the XSD types or sub-classes of \T1/cmtt/m/n/10 pimo:ProcessCo
ncept\T1/phv/m/n/10 (-20) . 
 []


Underfull \hbox (badness 10000) in paragraph at lines 903--910

 []

[13]
Overfull \hbox (37.42215pt too wide) in paragraph at lines 921--926
\T1/cmtt/m/n/10 pimo:objectProperty \T1/phv/m/n/10 (-20) (\T1/cmtt/m/n/10 pimo:related\T1/phv/m/n/10 (-20) , \T1/cmtt/m/
n/10 pimo:hasTag\T1/phv/m/n/10 (-20) , etc.) or \T1/cmtt/m/n/10 pimo:datatypeProperty
 []

[14] <images/upperclasses.png, id=660, 256.96pt x 591.20876pt>
File: images/upperclasses.png Graphic file (type png)
 <use images/upperclasses.png> [15] [16 <images/upperclasses.png (PNG copy)>]
Overfull \hbox (3.10783pt too wide) in paragraph at lines 1022--1027
[]\T1/phv/m/n/10 (-20) Implementers may use these generic prop-er-ties di-rectly, or cre-ate sub-properties
 []

[17] [18]
Overfull \hbox (3.40773pt too wide) in paragraph at lines 1089--1089
[]  \T1/cmtt/m/n/10 pimo:groundingOccurrence <file://home/claudia/doc/tripplan.pdf>;[] 
 []

[19]
Overfull \hbox (18.35776pt too wide) in paragraph at lines 1109--1110
\T1/phv/m/n/10 (-20) re-la-tion to an-other Topic or be de-fined as root Topic us-ing \T1/cmtt/m/n/10 pimo:hasRootTopic\
T1/phv/m/n/10 (-20) . 
 []


Overfull \hbox (13.38681pt too wide) in paragraph at lines 1128--1130
\T1/phv/m/n/10 (-20) SKOS[[]]. The \T1/cmtt/m/n/10 pimo:subTopic \T1/phv/m/n/10 (-20) re-la-tion is equiv-a-lent to \T1/
cmtt/m/n/10 skos:narrowerTransitive\T1/phv/m/n/10 (-20) .
 []

[20]
Overfull \hbox (45.7279pt too wide) in paragraph at lines 1151--1152
[]\T1/phv/m/n/10 (-20) The super-property \T1/phv/b/n/10 should \T1/phv/m/n/10 (-20) be one of \T1/cmtt/m/n/10 pimo:rela
ted\T1/phv/m/n/10 (-20) , \T1/cmtt/m/n/10 pimo:hasTag\T1/phv/m/n/10 (-20) , \T1/cmtt/m/n/10 pimo:isTagFor\T1/phv/m/n/10 
(-20) ,
 []

[21]
Overfull \hbox (11.62361pt too wide) in paragraph at lines 1209--1213
\T1/phv/m/n/10 (-20) meet-ing''). The two re-la-tions used are sub-properties of \T1/cmtt/m/n/10 pimo:associationMember
 []

[22] [23]
Overfull \hbox (47.74051pt too wide) in paragraph at lines 1323--1326
\T1/phv/b/n/10 classes of PIMO-upper classes (see Sect. []6.13[]) or sub-classing \T1/cmtt/m/n/10 InformationElement
 []

[24]
Overfull \hbox (17.10521pt too wide) in paragraph at lines 1354--1355
\T1/phv/m/n/10 (-20) be-tween course ma-te-rial and a course (e.g. \T1/cmtt/m/n/10 courseMaterialFor(CourseMaterial,
 []


Overfull \hbox (69.25992pt too wide) in paragraph at lines 1365--1366
[]\T1/phv/m/n/10 (-20) Some new prop-er-ties may be de-fined as sub-properties of \T1/cmtt/m/n/10 pimo:referencingOccurr
ence
 []

<images/PIMOextensionExample-Teaching.pdf, id=750, 656.4525pt x 395.4775pt>
File: images/PIMOextensionExample-Teaching.pdf Graphic file (type pdf)

<use images/PIMOextensionExample-Teaching.pdf>

LaTeX Warning: Float too large for page by 61.0157pt on input line 1447.

[25] [26 <images/PIMOextensionExample-Teaching.pdf>] [27]
Overfull \hbox (36.47466pt too wide) in paragraph at lines 1526--1526
[] \T1/cmtt/m/n/10 # native structures tier: interpreted by the system as nfo:TextDocument[] 
 []

[28] [29] [30] [31]
Overfull \hbox (38.64911pt too wide) in paragraph at lines 1805--1806
[]\T1/phv/m/n/10 (-20) The URI of $\OML/cmm/m/it/10 C$ \T1/phv/m/n/10 (-20) is ei-ther $\OML/cmm/m/it/10 A$ \T1/phv/m/n/
10 (-20) or $\OML/cmm/m/it/10 B$\T1/phv/m/n/10 (-20) , the older re-source (as de-fined by \T1/cmtt/m/n/10 nao:creationD
ate\T1/phv/m/n/10 (-20) ,
 []

[32]
Overfull \hbox (17.64505pt too wide) in paragraph at lines 1814--1817
\T1/phv/m/n/10 (-20) mapped to ex-actly one \T1/cmtt/m/n/10 pimo:Thing \T1/phv/m/n/10 (-20) in-stance us-ing the \T1/cmt
t/m/n/10 pimo:groundingOccurrence
 []


Overfull \hbox (23.17877pt too wide) in paragraph at lines 1821--1822
[]\T1/phv/m/n/10 (-20) a view that in-fers oc-cur-rences based on \T1/cmtt/m/n/10 nie:identifiers
 []


Overfull \hbox (1.99057pt too wide) in paragraph at lines 1851--1851
[] \T1/cmtt/m/n/9 pimo:referencingOccurrence <http://www.example.com/people/DirkHagemann>;[] 
 []

[33]
Overfull \hbox (3.40773pt too wide) in paragraph at lines 1901--1901
[]  \T1/cmtt/m/n/10 pimo:groundingOccurrence <file://home/claudia/doc/tripplan.pdf>;[] 
 []


Overfull \hbox (3.40773pt too wide) in paragraph at lines 1936--1936
[]  \T1/cmtt/m/n/10 pimo:groundingOccurrence <file://home/claudia/doc/tripplan.pdf>;[] 
 []

[34]
Overfull \hbox (13.90517pt too wide) in paragraph at lines 1937--1937
[]  \T1/cmtt/m/n/10 pimo:occurrence <http://www.buseireann.ie/timetables/belfast.pdf>;[] 
 []

[35] [36]
Overfull \hbox (43.48953pt too wide) in paragraph at lines 2171--2209
 [][] 
 []

[37] [38] [39] [40] [41]
Overfull \hbox (12.39114pt too wide) in paragraph at lines 2459--2460
[]\T1/cmtt/m/n/10 pimo:tagLabel \T1/phv/m/n/10 (-20) is in-tro-duced as a sub-prop-erty of \T1/cmtt/m/n/10 nao:personalI
dentifier\T1/phv/m/n/10 (-20) ,
 []

[42] (pimo.bbl [43

]) [44] (sections\pimo.tex
Underfull \hbox (badness 10000) in paragraph at lines 7--7
\T1/phv/m/sl/10 (+20) pimo:\T1/phv/m/n/10 (+20) ClassOrThingOrPropertyOrAssociation
 []


Underfull \vbox (badness 10000) detected at line 14
 []


Underfull \hbox (badness 10000) in paragraph at lines 22--22
[]|\T1/phv/m/sl/10 (+20) pimo:\T1/phv/m/n/10 (+20) ClassOrThingOrPropertyOrAssociation
 []


Underfull \vbox (badness 10000) detected at line 27
 []


Underfull \hbox (badness 10000) in paragraph at lines 35--35
\T1/phv/m/sl/10 (+20) pimo:\T1/phv/m/n/10 (+20) ClassOrThingOrPropertyOrAssociation
 []


Underfull \vbox (badness 10000) detected at line 40
 []

[45

]
Underfull \hbox (badness 10000) in paragraph at lines 48--48
\T1/phv/m/sl/10 (+20) pimo:\T1/phv/m/n/10 (+20) ClassOrThingOrPropertyOrAssociation
 []


Underfull \vbox (badness 10000) detected at line 53
 []


Underfull \hbox (badness 10000) in paragraph at lines 61--61
\T1/phv/m/sl/10 (+20) pimo:\T1/phv/m/n/10 (+20) ClassOrThingOrPropertyOrAssociation
 []


Underfull \vbox (badness 10000) detected at line 66
 []


Underfull \hbox (badness 10000) in paragraph at lines 74--74
\T1/phv/m/sl/10 (+20) pimo:\T1/phv/m/n/10 (+20) ClassOrThingOrPropertyOrAssociation
 []


Underfull \vbox (badness 10000) detected at line 79
 []

[46]
Underfull \hbox (badness 10000) in paragraph at lines 87--87
[]|\T1/phv/m/sl/10 (+20) pimo:\T1/phv/m/n/10 (+20) ClassOrThingOrPropertyOrAssociation
 []


Underfull \vbox (badness 10000) detected at line 92
 []


Underfull \vbox (badness 10000) detected at line 105
 []

[47]
Underfull \vbox (badness 10000) detected at line 119
 []


Underfull \hbox (badness 10000) in paragraph at lines 127--127
\T1/phv/m/sl/10 (+20) pimo:\T1/phv/m/n/10 (+20) ClassOrThingOrPropertyOrAssociation
 []


Underfull \vbox (badness 10000) detected at line 132
 []

[48]
Underfull \hbox (badness 10000) in paragraph at lines 140--140
\T1/phv/m/sl/10 (+20) pimo:\T1/phv/m/n/10 (+20) ClassOrThingOrPropertyOrAssociation
 []


Underfull \vbox (badness 10000) detected at line 145
 []


Underfull \hbox (badness 10000) in paragraph at lines 153--153
\T1/phv/m/sl/10 (+20) pimo:\T1/phv/m/n/10 (+20) ClassOrThingOrPropertyOrAssociation
 []


Underfull \vbox (badness 10000) detected at line 158
 []


Underfull \hbox (badness 10000) in paragraph at lines 166--166
\T1/phv/m/sl/10 (+20) pimo:\T1/phv/m/n/10 (+20) ClassOrThingOrPropertyOrAssociation
 []

[49]
Underfull \vbox (badness 10000) detected at line 171
 []


Underfull \hbox (badness 10000) in paragraph at lines 179--179
\T1/phv/m/sl/10 (+20) pimo:\T1/phv/m/n/10 (+20) ClassOrThingOrPropertyOrAssociation
 []


Underfull \vbox (badness 10000) detected at line 185
 []


Underfull \hbox (badness 10000) in paragraph at lines 193--193
\T1/phv/m/sl/10 (+20) pimo:\T1/phv/m/n/10 (+20) ClassOrThingOrPropertyOrAssociation
 []


Underfull \vbox (badness 10000) detected at line 198
 []

[50]
Underfull \hbox (badness 10000) in paragraph at lines 206--206
\T1/phv/m/sl/10 (+20) pimo:\T1/phv/m/n/10 (+20) ClassOrThingOrPropertyOrAssociation
 []


Underfull \vbox (badness 10000) detected at line 211
 []


Underfull \hbox (badness 10000) in paragraph at lines 219--219
\T1/phv/m/sl/10 (+20) pimo:\T1/phv/m/n/10 (+20) ClassOrThingOrPropertyOrAssociation
 []


Underfull \vbox (badness 10000) detected at line 225
 []

[51]
Underfull \hbox (badness 10000) in paragraph at lines 233--233
\T1/phv/m/sl/10 (+20) pimo:\T1/phv/m/n/10 (+20) ClassOrThingOrPropertyOrAssociation
 []


Underfull \vbox (badness 10000) detected at line 238
 []


Underfull \hbox (badness 10000) in paragraph at lines 246--246
\T1/phv/m/sl/10 (+20) pimo:\T1/phv/m/n/10 (+20) ClassOrThingOrPropertyOrAssociation
 []


Underfull \vbox (badness 10000) detected at line 251
 []


Underfull \hbox (badness 10000) in paragraph at lines 259--259
\T1/phv/m/sl/10 (+20) pimo:\T1/phv/m/n/10 (+20) ClassOrThingOrPropertyOrAssociation
 []


Underfull \vbox (badness 10000) detected at line 264
 []

[52]
Underfull \hbox (badness 10000) in paragraph at lines 272--272
\T1/phv/m/sl/10 (+20) pimo:\T1/phv/m/n/10 (+20) ClassOrThingOrPropertyOrAssociation
 []


Underfull \vbox (badness 10000) detected at line 277
 []


Underfull \hbox (badness 10000) in paragraph at lines 285--285
\T1/phv/m/sl/10 (+20) pimo:\T1/phv/m/n/10 (+20) ClassOrThingOrPropertyOrAssociation
 []


Underfull \vbox (badness 10000) detected at line 290
 []


Underfull \hbox (badness 10000) in paragraph at lines 298--298
\T1/phv/m/sl/10 (+20) pimo:\T1/phv/m/n/10 (+20) ClassOrThingOrPropertyOrAssociation
 []


Underfull \vbox (badness 10000) detected at line 303
 []

[53]
Underfull \hbox (badness 10000) in paragraph at lines 311--311
\T1/phv/m/sl/10 (+20) pimo:\T1/phv/m/n/10 (+20) ClassOrThingOrPropertyOrAssociation
 []


Underfull \vbox (badness 10000) detected at line 316
 []


Underfull \vbox (badness 10000) detected at line 329
 []


Underfull \hbox (badness 10000) in paragraph at lines 337--337
\T1/phv/m/sl/10 (+20) pimo:\T1/phv/m/n/10 (+20) ClassOrThingOrPropertyOrAssociation
 []

[54]
Underfull \vbox (badness 10000) detected at line 342
 []


Underfull \hbox (badness 10000) in paragraph at lines 350--350
\T1/phv/m/sl/10 (+20) pimo:\T1/phv/m/n/10 (+20) ClassOrThingOrPropertyOrAssociation
 []


Underfull \vbox (badness 10000) detected at line 355
 []


Underfull \hbox (badness 10000) in paragraph at lines 363--363
\T1/phv/m/sl/10 (+20) pimo:\T1/phv/m/n/10 (+20) ClassOrThingOrPropertyOrAssociation
 []


Underfull \vbox (badness 10000) detected at line 368
 []

[55]
Underfull \hbox (badness 10000) in paragraph at lines 376--376
\T1/phv/m/sl/10 (+20) pimo:\T1/phv/m/n/10 (+20) ClassOrThingOrPropertyOrAssociation
 []


Underfull \vbox (badness 10000) detected at line 381
 []


Underfull \hbox (badness 10000) in paragraph at lines 389--389
\T1/phv/m/sl/10 (+20) pimo:\T1/phv/m/n/10 (+20) ClassOrThingOrPropertyOrAssociation
 []


Underfull \vbox (badness 10000) detected at line 394
 []


Underfull \hbox (badness 10000) in paragraph at lines 402--402
\T1/phv/m/sl/10 (+20) pimo:\T1/phv/m/n/10 (+20) ClassOrThingOrPropertyOrAssociation
 []


Underfull \vbox (badness 10000) detected at line 407
 []

[56]
Underfull \hbox (badness 10000) in paragraph at lines 415--415
\T1/phv/m/sl/10 (+20) pimo:\T1/phv/m/n/10 (+20) ClassOrThingOrPropertyOrAssociation
 []


Underfull \vbox (badness 10000) detected at line 420
 []

[57]
Underfull \hbox (badness 10000) in paragraph at lines 428--428
\T1/phv/m/sl/10 (+20) pimo:\T1/phv/m/n/10 (+20) ClassOrThingOrPropertyOrAssociation
 []


Underfull \vbox (badness 10000) detected at line 433
 []


Underfull \vbox (badness 10000) detected at line 448
 []


Underfull \vbox (badness 10000) detected at line 460
 []

[58]
Underfull \vbox (badness 10000) detected at line 472
 []


Underfull \vbox (badness 10000) detected at line 484
 []


Underfull \vbox (badness 10000) detected at line 496
 []


Underfull \vbox (badness 10000) detected at line 508
 []

[59]
Underfull \vbox (badness 10000) detected at line 520
 []


Underfull \vbox (badness 10000) detected at line 532
 []


Underfull \vbox (badness 10000) detected at line 544
 []


Underfull \vbox (badness 10000) detected at line 556
 []

[60]
Underfull \vbox (badness 10000) detected at line 568
 []


Underfull \vbox (badness 10000) detected at line 580
 []


Underfull \vbox (badness 10000) detected at line 592
 []


Underfull \vbox (badness 10000) detected at line 604
 []

[61]
Underfull \vbox (badness 10000) detected at line 616
 []


LaTeX Warning: Reference `nie:InformationElement' on page 62 undefined on input line 624.


LaTeX Warning: Reference `nie:InformationElement' on page 62 undefined on input line 624.


Underfull \vbox (badness 10000) detected at line 628
 []


Underfull \vbox (badness 10000) detected at line 640
 []


LaTeX Warning: Reference `nfo:Folder' on page 62 undefined on input line 648.


LaTeX Warning: Reference `nfo:Folder' on page 62 undefined on input line 648.

[62]
Underfull \vbox (badness 10000) detected at line 652
 []


Underfull \vbox (badness 10000) detected at line 664
 []


Underfull \vbox (badness 10000) detected at line 676
 []


Underfull \vbox (badness 10000) detected at line 690
 []

[63]
Underfull \vbox (badness 10000) detected at line 709
 []


Underfull \vbox (badness 10000) detected at line 721
 []


Underfull \vbox (badness 10000) detected at line 733
 []

[64]
Underfull \vbox (badness 10000) detected at line 745
 []


Underfull \hbox (badness 10000) in paragraph at lines 752--752
[]|\T1/phv/m/sl/10 (+20) pimo \T1/phv/m/n/10 (+20) Clas-sOr-Thin-gOr-Prop-er-ty-OrAs-so-ci-a-tion
 []


Underfull \vbox (badness 10000) detected at line 757
 []


Underfull \vbox (badness 10000) detected at line 769
 []

[65]
Underfull \vbox (badness 10000) detected at line 781
 []


Underfull \vbox (badness 10000) detected at line 793
 []


Underfull \vbox (badness 10000) detected at line 805
 []


Underfull \vbox (badness 10000) detected at line 817
 []


Underfull \hbox (badness 1117) in paragraph at lines 828--828
[]|\T1/phv/m/n/10 (+20) Jabber-ID of the user. Used to com-mu-ni-
 []


Underfull \hbox (badness 1436) in paragraph at lines 828--828
\T1/phv/m/n/10 (+20) cate amongst peers in the so-cial sce-nario
 []


Underfull \hbox (badness 1888) in paragraph at lines 828--828
\T1/phv/m/n/10 (+20) of the se-man-tic desk-top. Use the xmpp
 []


Overfull \hbox (16.62721pt too wide) in paragraph at lines 828--828
\T1/phv/m/n/10 (-20) http://www.xmpp.org/specs/rfc3920.html#addressing-
 []


Underfull \hbox (badness 1253) in paragraph at lines 828--828
\T1/phv/m/n/10 (+20) node. The for-mat is the same as e-mail
 []

[66]
Underfull \vbox (badness 10000) detected at line 829
 []


Underfull \vbox (badness 10000) detected at line 841
 []


Underfull \vbox (badness 10000) detected at line 853
 []


Underfull \vbox (badness 10000) detected at line 865
 []

[67]
Underfull \vbox (badness 10000) detected at line 877
 []


Underfull \vbox (badness 10000) detected at line 889
 []


Underfull \vbox (badness 10000) detected at line 901
 []

[68]

LaTeX Warning: Reference `nie:InformationElement' on page 69 undefined on input line 909.


LaTeX Warning: Reference `nie:InformationElement' on page 69 undefined on input line 909.


Underfull \vbox (badness 10000) detected at line 913
 []


Underfull \vbox (badness 10000) detected at line 925
 []


Underfull \vbox (badness 10000) detected at line 937
 []


Underfull \vbox (badness 10000) detected at line 949
 []

[69]
Underfull \vbox (badness 10000) detected at line 961
 []


Underfull \vbox (badness 10000) detected at line 973
 []


Underfull \hbox (badness 2158) in paragraph at lines 984--984
\T1/phv/m/n/10 (+20) a lim-ited set of HTML el-e-ments and can
 []


Underfull \hbox (badness 1102) in paragraph at lines 984--984
\T1/phv/m/n/10 (+20) con-tain links to other Things. The for-mat
 []


Overfull \hbox (29.23505pt too wide) in paragraph at lines 984--984
\T1/phv/m/n/10 (-20) (http://semanticweb.org/wiki/Wiki_Interchange_Format).| 
 []


Underfull \vbox (badness 10000) detected at line 985
 []

) [70] (pimo.aux)

LaTeX Warning: There were undefined references.

 )
(\end occurred inside a group at level 1)

### simple group (level 1) entered at line 2155 ({)
### bottom level 
Here is how much of TeX's memory you used:
 7562 strings out of 95282
 108329 string characters out of 1185109
 209367 words of memory out of 1201803
 9887 multiletter control sequences out of 60000
 56308 words of font info for 150 fonts, out of 1000000 for 2000
 17 hyphenation exceptions out of 8191
 41i,12n,39p,2384b,453s stack positions out of 5000i,500n,10000p,200000b,32768s
 <C:\Dokumente und Einstellungen\All Users\Anwendungsdaten\MiKTeX\2.6\fonts\pk\ljfour\jknappen\ec\dpi600
\ectt1200.pk> <C:\Dokumente und Einstellungen\All Users\Anwendungsdaten\MiKTeX\2.6\fonts\pk\ljfour\jknappen\ec\dpi600\ec
tt0900.pk> <C:\Dokumente und Einstellungen\All Users\Anwendungsdaten\MiKTeX\2.6\fonts\pk\ljfour\jknappen\ec\dpi600\ectt0
800.pk>{8r.enc} <C:\Dokumente und Einstellungen\All Users\Anwendungsdaten\MiKTeX\2.6\fonts\pk\ljfour\jknappen\ec\dpi600\
ectt1000.pk><C:/MiKTeX2.6/fonts/type1/bluesky/cm/cmmi10.pfb><C:/MiKTeX2.6/fonts/type1/bluesky/cm/cmmi8.pfb><C:/MiKTeX2.6
/fonts/type1/bluesky/cm/cmr10.pfb><C:/MiKTeX2.6/fonts/type1/bluesky/cm/cmr8.pfb><C:/MiKTeX2.6/fonts/type1/bluesky/cm/cms
y10.pfb><C:/MiKTeX2.6/fonts/type1/urw/helvetic/uhvb8a.pfb><C:/MiKTeX2.6/fonts/type1/urw/helvetic/uhvr8a.pfb><C:/MiKTeX2.
6/fonts/type1/urw/helvetic/uhvro8a.pfb>
Output written on pimo.pdf (75 pages, 1014841 bytes).
PDF statistics:
 2448 PDF objects out of 300000 (max. 8388607)
 381 named destinations out of 300000 (max. 131072)
 41007 words of extra memory for PDF output out of 65536 (max. 10000000)

